{"level":"info","message":"Server is running on port 3001","service":"identity-service","timestamp":"2025-02-12T22:05:26.633Z"}
{"level":"info","message":"Connected to MongoDB","service":"identity-service","timestamp":"2025-02-12T22:05:27.077Z"}
{"level":"info","message":"Server is running on port 3001","service":"identity-service","timestamp":"2025-02-13T06:15:45.851Z"}
{"level":"info","message":"Connected to MongoDB","service":"identity-service","timestamp":"2025-02-13T06:15:46.823Z"}
{"level":"info","message":"Server is running on port 3001","service":"identity-service","timestamp":"2025-02-13T06:17:46.608Z"}
{"level":"info","message":"Connected to MongoDB","service":"identity-service","timestamp":"2025-02-13T06:17:49.107Z"}
{"level":"info","message":"Server is running on port 3001","service":"identity-service","timestamp":"2025-02-13T06:19:55.994Z"}
{"level":"info","message":"Connected to MongoDB","service":"identity-service","timestamp":"2025-02-13T06:19:56.479Z"}
{"level":"error","message":"unhandledRejection","service":"identity-service","timestamp":"2025-02-13T06:20:06.814Z"}
{"level":"error","message":"unhandledRejection","service":"identity-service","timestamp":"2025-02-13T06:20:06.816Z"}
{"level":"info","message":"Server is running on port 3001","service":"identity-service","timestamp":"2025-02-13T06:23:13.125Z"}
{"level":"info","message":"Connected to MongoDB","service":"identity-service","timestamp":"2025-02-13T06:23:13.535Z"}
{"level":"error","message":"unhandledRejection","service":"identity-service","timestamp":"2025-02-13T06:23:23.946Z"}
{"level":"error","message":"unhandledRejection","service":"identity-service","timestamp":"2025-02-13T06:23:23.949Z"}
{"level":"info","message":"Server is running on port 3001","service":"identity-service","timestamp":"2025-02-13T06:26:44.609Z"}
{"level":"info","message":"Connected to MongoDB","service":"identity-service","timestamp":"2025-02-13T06:26:46.205Z"}
{"level":"info","message":"Server is running on port 3001","service":"identity-service","timestamp":"2025-02-13T06:29:21.329Z"}
{"level":"info","message":"Connected to MongoDB","service":"identity-service","timestamp":"2025-02-13T06:29:21.731Z"}
{"level":"info","message":"Server is running on port 3001","service":"identity-service","timestamp":"2025-02-13T06:29:41.914Z"}
{"level":"info","message":"Connected to MongoDB","service":"identity-service","timestamp":"2025-02-13T06:29:42.330Z"}
{"level":"info","message":"Server is running on port 3001","service":"identity-service","timestamp":"2025-02-13T06:36:37.242Z"}
{"level":"info","message":"Connected to MongoDB","service":"identity-service","timestamp":"2025-02-13T06:36:37.632Z"}
{"level":"info","message":"Identity Server is running on port 3001","service":"identity-service","timestamp":"2025-02-13T06:47:35.759Z"}
{"level":"info","message":"Connected to MongoDB","service":"identity-service","timestamp":"2025-02-13T06:47:36.283Z"}
{"level":"info","message":"Received POST request from ::ffff:127.0.0.1 for /api/auth/login","service":"identity-service","timestamp":"2025-02-13T06:51:33.527Z"}
{"level":"info","message":"request body: [object Object]","service":"identity-service","timestamp":"2025-02-13T06:51:33.529Z"}
{"level":"info","message":"Received POST request from ::ffff:127.0.0.1 for /api/auth/register","service":"identity-service","timestamp":"2025-02-13T06:52:08.614Z"}
{"level":"info","message":"request body: [object Object]","service":"identity-service","timestamp":"2025-02-13T06:52:08.616Z"}
{"level":"info","message":"Registering user","service":"identity-service","timestamp":"2025-02-13T06:52:08.628Z"}
{"level":"warn","message":"user created successfully","service":"identity-service","timestamp":"2025-02-13T06:52:08.862Z"}
{"level":"error","message":"Registeration failed crypto.randomBytes is not a function","service":"identity-service","stack":"TypeError: crypto.randomBytes is not a function\n    at generateToken (file:///D:/Zeshan/React%20Node%20Projects/Node-microservices/social-media/identity-service/src/utils/generateToken.js:11:33)\n    at registerUser (file:///D:/Zeshan/React%20Node%20Projects/Node-microservices/social-media/identity-service/src/controllers/userController.js:42:53)\n    at process.processTicksAndRejections (node:internal/process/task_queues:105:5)","timestamp":"2025-02-13T06:52:08.870Z"}
{"level":"info","message":"Identity Server is running on port 3001","service":"identity-service","timestamp":"2025-02-13T06:53:14.173Z"}
{"level":"info","message":"Connected to MongoDB","service":"identity-service","timestamp":"2025-02-13T06:53:20.179Z"}
{"level":"info","message":"Received POST request from ::ffff:127.0.0.1 for /api/auth/register","service":"identity-service","timestamp":"2025-02-13T06:54:04.061Z"}
{"level":"info","message":"request body: [object Object]","service":"identity-service","timestamp":"2025-02-13T06:54:04.063Z"}
{"level":"info","message":"Registering user","service":"identity-service","timestamp":"2025-02-13T06:54:04.076Z"}
{"level":"warn","message":"user already exists","service":"identity-service","timestamp":"2025-02-13T06:54:04.208Z"}
{"level":"info","message":"Received POST request from ::ffff:127.0.0.1 for /api/auth/register","service":"identity-service","timestamp":"2025-02-13T06:54:28.571Z"}
{"level":"info","message":"request body: [object Object]","service":"identity-service","timestamp":"2025-02-13T06:54:28.573Z"}
{"level":"info","message":"Registering user","service":"identity-service","timestamp":"2025-02-13T06:54:28.580Z"}
{"level":"warn","message":"user created successfully","service":"identity-service","timestamp":"2025-02-13T06:54:28.808Z"}
{"level":"info","message":"Identity Server is running on port 3001","service":"identity-service","timestamp":"2025-02-13T06:55:29.920Z"}
{"level":"info","message":"Connected to MongoDB","service":"identity-service","timestamp":"2025-02-13T06:55:30.283Z"}
{"level":"info","message":"Received POST request from ::ffff:127.0.0.1 for /api/auth/register","service":"identity-service","timestamp":"2025-02-13T06:57:04.992Z"}
{"level":"info","message":"request body: [object Object]","service":"identity-service","timestamp":"2025-02-13T06:57:04.993Z"}
{"level":"info","message":"Registering user","service":"identity-service","timestamp":"2025-02-13T06:57:05.008Z"}
{"level":"warn","message":"user created successfully","service":"identity-service","timestamp":"2025-02-13T06:57:05.302Z"}
{"level":"info","message":"Identity Server is running on port 3001","service":"identity-service","timestamp":"2025-02-13T07:03:11.737Z"}
{"level":"info","message":"Connected to MongoDB","service":"identity-service","timestamp":"2025-02-13T07:03:12.114Z"}
{"level":"info","message":"Received POST request from ::ffff:127.0.0.1 for /api/auth/register","service":"identity-service","timestamp":"2025-02-13T07:03:31.280Z"}
{"level":"info","message":"request body: [object Object]","service":"identity-service","timestamp":"2025-02-13T07:03:31.281Z"}
{"level":"info","message":"Registering user","service":"identity-service","timestamp":"2025-02-13T07:03:31.294Z"}
{"level":"warn","message":"user created successfully","service":"identity-service","timestamp":"2025-02-13T07:03:31.562Z"}
